<?xml version="1.0" encoding="UTF-8"?>
<!-- Generated by org.testng.reporters.JUnitReportReporter -->
<testsuite hostname="MST-00000038" failures="0" tests="1" name="com.learnaautomation.testcases.LoginTestCRM" time="15.112" errors="0" timestamp="03 Oct 2020 18:34:27 GMT" skipped="0">
  <testcase classname="com.learnaautomation.testcases.LoginTestCRM" name="loginAPP" time="15.112"/>
</testsuite> <!-- com.learnaautomation.testcases.LoginTestCRM -->
