<?xml version="1.0" encoding="UTF-8"?>
<!-- Generated by org.testng.reporters.JUnitReportReporter -->
<testsuite hostname="MST-00000038" failures="0" tests="1" name="com.learnaautomation.pages.LoginTestCRM" time="17.658" errors="0" timestamp="03 Oct 2020 17:04:40 GMT" skipped="0">
  <testcase classname="com.learnaautomation.pages.LoginTestCRM" name="loginAPP" time="17.658"/>
</testsuite> <!-- com.learnaautomation.pages.LoginTestCRM -->
