<?xml version="1.0" encoding="UTF-8"?>
<!-- Generated by org.testng.reporters.JUnitReportReporter -->
<testsuite hostname="MST-00000038" failures="0" tests="1" name="com.learnaautomation.testcases.LoginTestWordPress" time="11.472" errors="0" timestamp="08 Oct 2020 17:48:59 GMT" skipped="0">
  <testcase classname="com.learnaautomation.testcases.LoginTestWordPress" name="loginAPP" time="11.472"/>
</testsuite> <!-- com.learnaautomation.testcases.LoginTestWordPress -->
